mode: set
github.com/yourusername/itinerary-backend/itinerary/auth_handlers.go:19.114,26.2 1 0
github.com/yourusername/itinerary-backend/itinerary/auth_handlers.go:29.47,31.47 2 0
github.com/yourusername/itinerary-backend/itinerary/auth_handlers.go:31.47,37.3 5 0
github.com/yourusername/itinerary-backend/itinerary/auth_handlers.go:39.2,44.75 3 0
github.com/yourusername/itinerary-backend/itinerary/auth_handlers.go:44.75,58.3 8 0
github.com/yourusername/itinerary-backend/itinerary/auth_handlers.go:61.2,62.16 2 0
github.com/yourusername/itinerary-backend/itinerary/auth_handlers.go:62.16,67.3 4 0
github.com/yourusername/itinerary-backend/itinerary/auth_handlers.go:69.2,75.4 2 0
github.com/yourusername/itinerary-backend/itinerary/auth_handlers.go:79.48,81.17 2 0
github.com/yourusername/itinerary-backend/itinerary/auth_handlers.go:81.17,85.3 3 0
github.com/yourusername/itinerary-backend/itinerary/auth_handlers.go:87.2,88.68 2 0
github.com/yourusername/itinerary-backend/itinerary/auth_handlers.go:92.52,94.17 2 0
github.com/yourusername/itinerary-backend/itinerary/auth_handlers.go:94.17,98.3 3 0
github.com/yourusername/itinerary-backend/itinerary/auth_handlers.go:101.2,102.17 2 0
github.com/yourusername/itinerary-backend/itinerary/auth_handlers.go:102.17,106.3 3 0
github.com/yourusername/itinerary-backend/itinerary/auth_handlers.go:108.2,109.29 2 0
github.com/yourusername/itinerary-backend/itinerary/auth_handlers.go:113.55,115.17 2 0
github.com/yourusername/itinerary-backend/itinerary/auth_handlers.go:115.17,119.3 3 0
github.com/yourusername/itinerary-backend/itinerary/auth_handlers.go:121.2,122.47 2 0
github.com/yourusername/itinerary-backend/itinerary/auth_handlers.go:122.47,127.3 4 0
github.com/yourusername/itinerary-backend/itinerary/auth_handlers.go:130.2,131.17 2 0
github.com/yourusername/itinerary-backend/itinerary/auth_handlers.go:131.17,135.3 3 0
github.com/yourusername/itinerary-backend/itinerary/auth_handlers.go:137.2,143.29 6 0
github.com/yourusername/itinerary-backend/itinerary/auth_handlers.go:147.71,180.26 2 0
github.com/yourusername/itinerary-backend/itinerary/auth_handlers.go:180.26,181.28 1 0
github.com/yourusername/itinerary-backend/itinerary/auth_handlers.go:181.28,183.4 1 0
github.com/yourusername/itinerary-backend/itinerary/auth_handlers.go:185.2,185.16 1 0
github.com/yourusername/itinerary-backend/itinerary/auth_handlers.go:189.53,197.2 3 0
github.com/yourusername/itinerary-backend/itinerary/auth_middleware.go:16.82,21.2 1 0
github.com/yourusername/itinerary-backend/itinerary/auth_middleware.go:24.57,25.30 1 0
github.com/yourusername/itinerary-backend/itinerary/auth_middleware.go:25.30,28.18 2 0
github.com/yourusername/itinerary-backend/itinerary/auth_middleware.go:28.18,30.4 1 0
github.com/yourusername/itinerary-backend/itinerary/auth_middleware.go:33.3,33.42 1 0
github.com/yourusername/itinerary-backend/itinerary/auth_middleware.go:33.42,35.4 1 0
github.com/yourusername/itinerary-backend/itinerary/auth_middleware.go:37.3,37.18 1 0
github.com/yourusername/itinerary-backend/itinerary/auth_middleware.go:37.18,43.4 5 0
github.com/yourusername/itinerary-backend/itinerary/auth_middleware.go:47.3,47.22 1 0
github.com/yourusername/itinerary-backend/itinerary/auth_middleware.go:47.22,53.4 5 0
github.com/yourusername/itinerary-backend/itinerary/auth_middleware.go:57.3,65.11 5 0
github.com/yourusername/itinerary-backend/itinerary/auth_middleware.go:71.58,72.30 1 0
github.com/yourusername/itinerary-backend/itinerary/auth_middleware.go:72.30,75.18 2 0
github.com/yourusername/itinerary-backend/itinerary/auth_middleware.go:75.18,77.4 1 0
github.com/yourusername/itinerary-backend/itinerary/auth_middleware.go:80.3,80.42 1 0
github.com/yourusername/itinerary-backend/itinerary/auth_middleware.go:80.42,82.4 1 0
github.com/yourusername/itinerary-backend/itinerary/auth_middleware.go:84.3,84.38 1 0
github.com/yourusername/itinerary-backend/itinerary/auth_middleware.go:84.38,90.4 4 0
github.com/yourusername/itinerary-backend/itinerary/auth_middleware.go:92.3,92.11 1 0
github.com/yourusername/itinerary-backend/itinerary/auth_middleware.go:98.50,112.2 1 0
github.com/yourusername/itinerary-backend/itinerary/auth_middleware.go:115.50,117.30 2 0
github.com/yourusername/itinerary-backend/itinerary/auth_middleware.go:117.30,119.3 1 0
github.com/yourusername/itinerary-backend/itinerary/auth_middleware.go:120.2,120.35 1 0
github.com/yourusername/itinerary-backend/itinerary/auth_middleware.go:120.35,122.3 1 0
github.com/yourusername/itinerary-backend/itinerary/auth_middleware.go:123.2,123.11 1 0
github.com/yourusername/itinerary-backend/itinerary/auth_middleware.go:127.49,129.29 2 0
github.com/yourusername/itinerary-backend/itinerary/auth_middleware.go:129.29,131.3 1 0
github.com/yourusername/itinerary-backend/itinerary/auth_middleware.go:132.2,132.33 1 0
github.com/yourusername/itinerary-backend/itinerary/auth_middleware.go:132.33,134.3 1 0
github.com/yourusername/itinerary-backend/itinerary/auth_middleware.go:135.2,135.11 1 0
github.com/yourusername/itinerary-backend/itinerary/auth_service.go:21.64,26.2 1 1
github.com/yourusername/itinerary-backend/itinerary/auth_service.go:29.56,32.16 3 1
github.com/yourusername/itinerary-backend/itinerary/auth_service.go:32.16,34.3 1 0
github.com/yourusername/itinerary-backend/itinerary/auth_service.go:35.2,35.59 1 1
github.com/yourusername/itinerary-backend/itinerary/auth_service.go:39.96,41.16 2 1
github.com/yourusername/itinerary-backend/itinerary/auth_service.go:41.16,44.3 2 0
github.com/yourusername/itinerary-backend/itinerary/auth_service.go:46.2,61.21 3 1
github.com/yourusername/itinerary-backend/itinerary/auth_service.go:65.70,68.17 1 1
github.com/yourusername/itinerary-backend/itinerary/auth_service.go:68.17,70.3 1 1
github.com/yourusername/itinerary-backend/itinerary/auth_service.go:74.2,74.16 1 1
github.com/yourusername/itinerary-backend/itinerary/auth_service.go:79.61,83.2 1 1
github.com/yourusername/itinerary-backend/itinerary/auth_service.go:86.67,88.2 1 1
github.com/yourusername/itinerary-backend/itinerary/config.go:56.53,58.16 2 1
github.com/yourusername/itinerary-backend/itinerary/config.go:58.16,60.3 1 1
github.com/yourusername/itinerary-backend/itinerary/config.go:62.2,63.54 2 0
github.com/yourusername/itinerary-backend/itinerary/config.go:63.54,65.3 1 0
github.com/yourusername/itinerary-backend/itinerary/config.go:68.2,68.62 1 0
github.com/yourusername/itinerary-backend/itinerary/config.go:68.62,70.3 1 0
github.com/yourusername/itinerary-backend/itinerary/config.go:71.2,71.50 1 0
github.com/yourusername/itinerary-backend/itinerary/config.go:71.50,73.3 1 0
github.com/yourusername/itinerary-backend/itinerary/config.go:75.2,75.21 1 0
github.com/yourusername/itinerary-backend/itinerary/database.go:17.69,24.16 4 0
github.com/yourusername/itinerary-backend/itinerary/database.go:24.16,27.3 2 0
github.com/yourusername/itinerary-backend/itinerary/database.go:30.2,30.34 1 0
github.com/yourusername/itinerary-backend/itinerary/database.go:30.34,33.3 2 0
github.com/yourusername/itinerary-backend/itinerary/database.go:36.2,43.53 5 0
github.com/yourusername/itinerary-backend/itinerary/database.go:43.53,46.3 2 0
github.com/yourusername/itinerary-backend/itinerary/database.go:49.2,49.51 1 0
github.com/yourusername/itinerary-backend/itinerary/database.go:49.51,52.3 2 0
github.com/yourusername/itinerary-backend/itinerary/database.go:54.2,54.33 1 0
github.com/yourusername/itinerary-backend/itinerary/database.go:58.57,262.16 4 0
github.com/yourusername/itinerary-backend/itinerary/database.go:262.16,265.3 2 0
github.com/yourusername/itinerary-backend/itinerary/database.go:266.2,267.12 2 0
github.com/yourusername/itinerary-backend/itinerary/database.go:271.55,276.16 4 0
github.com/yourusername/itinerary-backend/itinerary/database.go:276.16,278.3 1 0
github.com/yourusername/itinerary-backend/itinerary/database.go:280.2,280.15 1 0
github.com/yourusername/itinerary-backend/itinerary/database.go:280.15,282.3 1 0
github.com/yourusername/itinerary-backend/itinerary/database.go:285.2,293.26 2 0
github.com/yourusername/itinerary-backend/itinerary/database.go:293.26,296.17 2 0
github.com/yourusername/itinerary-backend/itinerary/database.go:296.17,298.4 1 0
github.com/yourusername/itinerary-backend/itinerary/database.go:302.2,310.33 2 0
github.com/yourusername/itinerary-backend/itinerary/database.go:310.33,313.17 2 0
github.com/yourusername/itinerary-backend/itinerary/database.go:313.17,315.4 1 0
github.com/yourusername/itinerary-backend/itinerary/database.go:319.2,331.32 2 0
github.com/yourusername/itinerary-backend/itinerary/database.go:331.32,334.17 2 0
github.com/yourusername/itinerary-backend/itinerary/database.go:334.17,336.4 1 0
github.com/yourusername/itinerary-backend/itinerary/database.go:340.2,357.29 2 0
github.com/yourusername/itinerary-backend/itinerary/database.go:357.29,360.17 2 0
github.com/yourusername/itinerary-backend/itinerary/database.go:360.17,362.4 1 0
github.com/yourusername/itinerary-backend/itinerary/database.go:366.2,375.29 2 0
github.com/yourusername/itinerary-backend/itinerary/database.go:375.29,378.17 2 0
github.com/yourusername/itinerary-backend/itinerary/database.go:378.17,380.4 1 0
github.com/yourusername/itinerary-backend/itinerary/database.go:383.2,383.12 1 0
github.com/yourusername/itinerary-backend/itinerary/database.go:387.34,389.2 1 0
github.com/yourusername/itinerary-backend/itinerary/database.go:392.84,398.16 4 0
github.com/yourusername/itinerary-backend/itinerary/database.go:398.16,400.3 1 0
github.com/yourusername/itinerary-backend/itinerary/database.go:403.2,407.16 2 0
github.com/yourusername/itinerary-backend/itinerary/database.go:407.16,409.3 1 0
github.com/yourusername/itinerary-backend/itinerary/database.go:410.2,413.18 3 0
github.com/yourusername/itinerary-backend/itinerary/database.go:413.18,416.118 3 0
github.com/yourusername/itinerary-backend/itinerary/database.go:416.118,418.4 1 0
github.com/yourusername/itinerary-backend/itinerary/database.go:419.3,419.22 1 0
github.com/yourusername/itinerary-backend/itinerary/database.go:419.22,421.4 1 0
github.com/yourusername/itinerary-backend/itinerary/database.go:422.3,422.41 1 0
github.com/yourusername/itinerary-backend/itinerary/database.go:425.2,425.40 1 0
github.com/yourusername/itinerary-backend/itinerary/database.go:429.116,436.16 5 0
github.com/yourusername/itinerary-backend/itinerary/database.go:436.16,438.3 1 0
github.com/yourusername/itinerary-backend/itinerary/database.go:441.2,445.16 2 0
github.com/yourusername/itinerary-backend/itinerary/database.go:445.16,447.3 1 0
github.com/yourusername/itinerary-backend/itinerary/database.go:448.2,451.18 3 0
github.com/yourusername/itinerary-backend/itinerary/database.go:451.18,453.159 2 0
github.com/yourusername/itinerary-backend/itinerary/database.go:453.159,455.4 1 0
github.com/yourusername/itinerary-backend/itinerary/database.go:456.3,456.39 1 0
github.com/yourusername/itinerary-backend/itinerary/database.go:459.2,459.39 1 0
github.com/yourusername/itinerary-backend/itinerary/database.go:463.64,468.16 3 0
github.com/yourusername/itinerary-backend/itinerary/database.go:468.16,470.3 1 0
github.com/yourusername/itinerary-backend/itinerary/database.go:471.2,471.12 1 0
github.com/yourusername/itinerary-backend/itinerary/database.go:475.83,480.16 2 0
github.com/yourusername/itinerary-backend/itinerary/database.go:480.16,482.3 1 0
github.com/yourusername/itinerary-backend/itinerary/database.go:483.2,486.18 3 0
github.com/yourusername/itinerary-backend/itinerary/database.go:486.18,488.245 2 0
github.com/yourusername/itinerary-backend/itinerary/database.go:488.245,490.4 1 0
github.com/yourusername/itinerary-backend/itinerary/database.go:491.3,491.30 1 0
github.com/yourusername/itinerary-backend/itinerary/database.go:494.2,494.26 1 0
github.com/yourusername/itinerary-backend/itinerary/database.go:498.77,508.16 4 0
github.com/yourusername/itinerary-backend/itinerary/database.go:508.16,510.3 1 0
github.com/yourusername/itinerary-backend/itinerary/database.go:513.2,514.16 2 0
github.com/yourusername/itinerary-backend/itinerary/database.go:514.16,516.3 1 0
github.com/yourusername/itinerary-backend/itinerary/database.go:517.2,519.24 2 0
github.com/yourusername/itinerary-backend/itinerary/database.go:523.65,526.16 3 0
github.com/yourusername/itinerary-backend/itinerary/database.go:526.16,528.3 1 0
github.com/yourusername/itinerary-backend/itinerary/database.go:529.2,529.12 1 0
github.com/yourusername/itinerary-backend/itinerary/database.go:533.55,538.16 3 0
github.com/yourusername/itinerary-backend/itinerary/database.go:538.16,540.3 1 0
github.com/yourusername/itinerary-backend/itinerary/database.go:541.2,541.12 1 0
github.com/yourusername/itinerary-backend/itinerary/database.go:545.82,550.16 2 0
github.com/yourusername/itinerary-backend/itinerary/database.go:550.16,552.3 1 0
github.com/yourusername/itinerary-backend/itinerary/database.go:553.2,556.18 3 0
github.com/yourusername/itinerary-backend/itinerary/database.go:556.18,558.120 2 0
github.com/yourusername/itinerary-backend/itinerary/database.go:558.120,560.4 1 0
github.com/yourusername/itinerary-backend/itinerary/database.go:561.3,561.33 1 0
github.com/yourusername/itinerary-backend/itinerary/database.go:564.2,564.29 1 0
github.com/yourusername/itinerary-backend/itinerary/database.go:570.57,575.16 3 0
github.com/yourusername/itinerary-backend/itinerary/database.go:575.16,577.3 1 0
github.com/yourusername/itinerary-backend/itinerary/database.go:578.2,578.12 1 0
github.com/yourusername/itinerary-backend/itinerary/database.go:582.70,589.16 5 0
github.com/yourusername/itinerary-backend/itinerary/database.go:589.16,590.27 1 0
github.com/yourusername/itinerary-backend/itinerary/database.go:590.27,592.4 1 0
github.com/yourusername/itinerary-backend/itinerary/database.go:593.3,593.61 1 0
github.com/yourusername/itinerary-backend/itinerary/database.go:597.2,598.16 2 0
github.com/yourusername/itinerary-backend/itinerary/database.go:598.16,600.3 1 0
github.com/yourusername/itinerary-backend/itinerary/database.go:602.2,602.19 1 0
github.com/yourusername/itinerary-backend/itinerary/database.go:606.76,611.16 3 0
github.com/yourusername/itinerary-backend/itinerary/database.go:611.16,613.3 1 0
github.com/yourusername/itinerary-backend/itinerary/database.go:614.2,617.18 3 0
github.com/yourusername/itinerary-backend/itinerary/database.go:617.18,619.188 2 0
github.com/yourusername/itinerary-backend/itinerary/database.go:619.188,620.12 1 0
github.com/yourusername/itinerary-backend/itinerary/database.go:624.3,625.17 2 0
github.com/yourusername/itinerary-backend/itinerary/database.go:625.17,627.4 1 0
github.com/yourusername/itinerary-backend/itinerary/database.go:629.3,629.30 1 0
github.com/yourusername/itinerary-backend/itinerary/database.go:632.2,632.26 1 0
github.com/yourusername/itinerary-backend/itinerary/database.go:636.57,641.16 3 0
github.com/yourusername/itinerary-backend/itinerary/database.go:641.16,643.3 1 0
github.com/yourusername/itinerary-backend/itinerary/database.go:645.2,646.16 2 0
github.com/yourusername/itinerary-backend/itinerary/database.go:646.16,648.3 1 0
github.com/yourusername/itinerary-backend/itinerary/database.go:649.2,649.15 1 0
github.com/yourusername/itinerary-backend/itinerary/database.go:649.15,651.3 1 0
github.com/yourusername/itinerary-backend/itinerary/database.go:653.2,653.12 1 0
github.com/yourusername/itinerary-backend/itinerary/database.go:657.70,660.16 3 0
github.com/yourusername/itinerary-backend/itinerary/database.go:660.16,662.3 1 0
github.com/yourusername/itinerary-backend/itinerary/database.go:663.2,663.12 1 0
github.com/yourusername/itinerary-backend/itinerary/database.go:667.56,670.16 3 0
github.com/yourusername/itinerary-backend/itinerary/database.go:670.16,672.3 1 0
github.com/yourusername/itinerary-backend/itinerary/database.go:673.2,673.12 1 0
github.com/yourusername/itinerary-backend/itinerary/database.go:677.63,682.16 3 0
github.com/yourusername/itinerary-backend/itinerary/database.go:682.16,684.3 1 0
github.com/yourusername/itinerary-backend/itinerary/database.go:685.2,685.12 1 0
github.com/yourusername/itinerary-backend/itinerary/database.go:689.74,694.16 3 0
github.com/yourusername/itinerary-backend/itinerary/database.go:694.16,696.3 1 0
github.com/yourusername/itinerary-backend/itinerary/database.go:697.2,700.18 3 0
github.com/yourusername/itinerary-backend/itinerary/database.go:700.18,702.247 2 0
github.com/yourusername/itinerary-backend/itinerary/database.go:702.247,703.12 1 0
github.com/yourusername/itinerary-backend/itinerary/database.go:707.3,708.17 2 0
github.com/yourusername/itinerary-backend/itinerary/database.go:708.17,710.4 1 0
github.com/yourusername/itinerary-backend/itinerary/database.go:713.3,714.17 2 0
github.com/yourusername/itinerary-backend/itinerary/database.go:714.17,716.4 1 0
github.com/yourusername/itinerary-backend/itinerary/database.go:718.3,718.39 1 0
github.com/yourusername/itinerary-backend/itinerary/database.go:721.2,721.29 1 0
github.com/yourusername/itinerary-backend/itinerary/database.go:725.57,730.16 3 0
github.com/yourusername/itinerary-backend/itinerary/database.go:730.16,732.3 1 0
github.com/yourusername/itinerary-backend/itinerary/database.go:733.2,733.12 1 0
github.com/yourusername/itinerary-backend/itinerary/database.go:737.73,742.16 3 0
github.com/yourusername/itinerary-backend/itinerary/database.go:742.16,744.3 1 0
github.com/yourusername/itinerary-backend/itinerary/database.go:745.2,748.18 3 0
github.com/yourusername/itinerary-backend/itinerary/database.go:748.18,750.115 2 0
github.com/yourusername/itinerary-backend/itinerary/database.go:750.115,751.12 1 0
github.com/yourusername/itinerary-backend/itinerary/database.go:753.3,753.33 1 0
github.com/yourusername/itinerary-backend/itinerary/database.go:756.2,756.27 1 0
github.com/yourusername/itinerary-backend/itinerary/database.go:760.60,765.26 3 0
github.com/yourusername/itinerary-backend/itinerary/database.go:765.26,770.17 3 0
github.com/yourusername/itinerary-backend/itinerary/database.go:770.17,772.4 1 0
github.com/yourusername/itinerary-backend/itinerary/database.go:773.8,773.23 1 0
github.com/yourusername/itinerary-backend/itinerary/database.go:773.23,777.17 3 0
github.com/yourusername/itinerary-backend/itinerary/database.go:777.17,779.4 1 0
github.com/yourusername/itinerary-backend/itinerary/database.go:780.8,782.3 1 0
github.com/yourusername/itinerary-backend/itinerary/database.go:784.2,784.12 1 0
github.com/yourusername/itinerary-backend/itinerary/database.go:788.73,795.16 5 0
github.com/yourusername/itinerary-backend/itinerary/database.go:795.16,796.27 1 0
github.com/yourusername/itinerary-backend/itinerary/database.go:796.27,798.4 1 0
github.com/yourusername/itinerary-backend/itinerary/database.go:799.3,799.63 1 0
github.com/yourusername/itinerary-backend/itinerary/database.go:802.2,802.21 1 0
github.com/yourusername/itinerary-backend/itinerary/database.go:806.62,811.16 3 0
github.com/yourusername/itinerary-backend/itinerary/database.go:811.16,813.3 1 0
github.com/yourusername/itinerary-backend/itinerary/database.go:814.2,814.12 1 0
github.com/yourusername/itinerary-backend/itinerary/database.go:818.82,825.16 4 0
github.com/yourusername/itinerary-backend/itinerary/database.go:825.16,827.3 1 0
github.com/yourusername/itinerary-backend/itinerary/database.go:828.2,831.18 3 0
github.com/yourusername/itinerary-backend/itinerary/database.go:831.18,833.223 2 0
github.com/yourusername/itinerary-backend/itinerary/database.go:833.223,834.12 1 0
github.com/yourusername/itinerary-backend/itinerary/database.go:836.3,836.30 1 0
github.com/yourusername/itinerary-backend/itinerary/database.go:839.2,839.26 1 0
github.com/yourusername/itinerary-backend/itinerary/error.go:32.35,34.2 1 1
github.com/yourusername/itinerary-backend/itinerary/error.go:37.76,43.2 1 1
github.com/yourusername/itinerary-backend/itinerary/error.go:46.40,47.14 1 1
github.com/yourusername/itinerary-backend/itinerary/error.go:48.43,49.31 1 1
github.com/yourusername/itinerary-backend/itinerary/error.go:50.19,51.29 1 1
github.com/yourusername/itinerary-backend/itinerary/error.go:52.23,53.33 1 1
github.com/yourusername/itinerary-backend/itinerary/error.go:54.20,55.30 1 1
github.com/yourusername/itinerary-backend/itinerary/error.go:56.19,57.29 1 1
github.com/yourusername/itinerary-backend/itinerary/error.go:58.26,59.31 1 1
github.com/yourusername/itinerary-backend/itinerary/error.go:60.43,61.40 1 1
github.com/yourusername/itinerary-backend/itinerary/error.go:62.10,63.40 1 0
github.com/yourusername/itinerary-backend/itinerary/error.go:68.66,76.2 3 0
github.com/yourusername/itinerary-backend/itinerary/error.go:79.61,87.2 3 0
github.com/yourusername/itinerary-backend/itinerary/error.go:90.62,98.2 3 0
github.com/yourusername/itinerary-backend/itinerary/error.go:101.67,109.2 3 0
github.com/yourusername/itinerary-backend/itinerary/error.go:112.68,120.2 3 0
github.com/yourusername/itinerary-backend/itinerary/error.go:123.55,125.2 1 0
github.com/yourusername/itinerary-backend/itinerary/error.go:128.54,130.2 1 0
github.com/yourusername/itinerary-backend/itinerary/error.go:133.52,141.2 1 0
github.com/yourusername/itinerary-backend/itinerary/group_database.go:15.65,25.16 5 0
github.com/yourusername/itinerary-backend/itinerary/group_database.go:25.16,27.3 1 0
github.com/yourusername/itinerary-backend/itinerary/group_database.go:29.2,34.12 5 0
github.com/yourusername/itinerary-backend/itinerary/group_database.go:38.65,49.16 5 0
github.com/yourusername/itinerary-backend/itinerary/group_database.go:49.16,50.27 1 0
github.com/yourusername/itinerary-backend/itinerary/group_database.go:50.27,52.4 1 0
github.com/yourusername/itinerary-backend/itinerary/group_database.go:53.3,53.90 1 0
github.com/yourusername/itinerary-backend/itinerary/group_database.go:56.2,56.23 1 0
github.com/yourusername/itinerary-backend/itinerary/group_database.go:60.76,70.16 3 0
github.com/yourusername/itinerary-backend/itinerary/group_database.go:70.16,72.3 1 0
github.com/yourusername/itinerary-backend/itinerary/group_database.go:73.2,76.18 3 0
github.com/yourusername/itinerary-backend/itinerary/group_database.go:76.18,79.17 3 0
github.com/yourusername/itinerary-backend/itinerary/group_database.go:79.17,81.4 1 0
github.com/yourusername/itinerary-backend/itinerary/group_database.go:82.3,82.45 1 0
github.com/yourusername/itinerary-backend/itinerary/group_database.go:85.2,85.24 1 0
github.com/yourusername/itinerary-backend/itinerary/group_database.go:89.87,102.16 3 0
github.com/yourusername/itinerary-backend/itinerary/group_database.go:102.16,104.3 1 0
github.com/yourusername/itinerary-backend/itinerary/group_database.go:106.2,106.12 1 0
github.com/yourusername/itinerary-backend/itinerary/group_database.go:110.54,114.16 3 0
github.com/yourusername/itinerary-backend/itinerary/group_database.go:114.16,116.3 1 0
github.com/yourusername/itinerary-backend/itinerary/group_database.go:118.2,118.12 1 0
github.com/yourusername/itinerary-backend/itinerary/group_database.go:126.106,136.16 5 0
github.com/yourusername/itinerary-backend/itinerary/group_database.go:136.16,138.3 1 0
github.com/yourusername/itinerary-backend/itinerary/group_database.go:140.2,147.8 1 0
github.com/yourusername/itinerary-backend/itinerary/group_database.go:151.81,160.16 3 0
github.com/yourusername/itinerary-backend/itinerary/group_database.go:160.16,162.3 1 0
github.com/yourusername/itinerary-backend/itinerary/group_database.go:163.2,166.18 3 0
github.com/yourusername/itinerary-backend/itinerary/group_database.go:166.18,169.17 3 0
github.com/yourusername/itinerary-backend/itinerary/group_database.go:169.17,171.4 1 0
github.com/yourusername/itinerary-backend/itinerary/group_database.go:172.3,172.36 1 0
github.com/yourusername/itinerary-backend/itinerary/group_database.go:175.2,175.21 1 0
github.com/yourusername/itinerary-backend/itinerary/group_database.go:179.93,190.16 5 0
github.com/yourusername/itinerary-backend/itinerary/group_database.go:190.16,191.27 1 0
github.com/yourusername/itinerary-backend/itinerary/group_database.go:191.27,193.4 1 0
github.com/yourusername/itinerary-backend/itinerary/group_database.go:194.3,194.87 1 0
github.com/yourusername/itinerary-backend/itinerary/group_database.go:197.2,197.20 1 0
github.com/yourusername/itinerary-backend/itinerary/group_database.go:201.73,205.16 3 0
github.com/yourusername/itinerary-backend/itinerary/group_database.go:205.16,207.3 1 0
github.com/yourusername/itinerary-backend/itinerary/group_database.go:209.2,209.12 1 0
github.com/yourusername/itinerary-backend/itinerary/group_database.go:213.77,217.16 3 0
github.com/yourusername/itinerary-backend/itinerary/group_database.go:217.16,219.3 1 0
github.com/yourusername/itinerary-backend/itinerary/group_database.go:221.2,221.12 1 0
github.com/yourusername/itinerary-backend/itinerary/group_database.go:225.80,229.16 3 0
github.com/yourusername/itinerary-backend/itinerary/group_database.go:229.16,231.3 1 0
github.com/yourusername/itinerary-backend/itinerary/group_database.go:233.2,233.12 1 0
github.com/yourusername/itinerary-backend/itinerary/group_database.go:241.59,250.29 4 0
github.com/yourusername/itinerary-backend/itinerary/group_database.go:250.29,253.3 2 0
github.com/yourusername/itinerary-backend/itinerary/group_database.go:255.2,256.16 2 0
github.com/yourusername/itinerary-backend/itinerary/group_database.go:256.16,258.3 1 0
github.com/yourusername/itinerary-backend/itinerary/group_database.go:260.2,264.12 4 0
github.com/yourusername/itinerary-backend/itinerary/group_database.go:268.61,279.16 5 0
github.com/yourusername/itinerary-backend/itinerary/group_database.go:279.16,280.27 1 0
github.com/yourusername/itinerary-backend/itinerary/group_database.go:280.27,282.4 1 0
github.com/yourusername/itinerary-backend/itinerary/group_database.go:283.3,283.82 1 0
github.com/yourusername/itinerary-backend/itinerary/group_database.go:286.2,286.21 1 0
github.com/yourusername/itinerary-backend/itinerary/group_database.go:290.78,299.16 3 0
github.com/yourusername/itinerary-backend/itinerary/group_database.go:299.16,301.3 1 0
github.com/yourusername/itinerary-backend/itinerary/group_database.go:302.2,305.18 3 0
github.com/yourusername/itinerary-backend/itinerary/group_database.go:305.18,308.17 3 0
github.com/yourusername/itinerary-backend/itinerary/group_database.go:308.17,310.4 1 0
github.com/yourusername/itinerary-backend/itinerary/group_database.go:311.3,311.39 1 0
github.com/yourusername/itinerary-backend/itinerary/group_database.go:314.2,314.22 1 0
github.com/yourusername/itinerary-backend/itinerary/group_database.go:318.73,322.16 3 0
github.com/yourusername/itinerary-backend/itinerary/group_database.go:322.16,324.3 1 0
github.com/yourusername/itinerary-backend/itinerary/group_database.go:326.2,326.12 1 0
github.com/yourusername/itinerary-backend/itinerary/group_database.go:334.67,343.16 4 0
github.com/yourusername/itinerary-backend/itinerary/group_database.go:343.16,345.3 1 0
github.com/yourusername/itinerary-backend/itinerary/group_database.go:347.2,348.12 2 0
github.com/yourusername/itinerary-backend/itinerary/group_database.go:352.81,360.16 3 0
github.com/yourusername/itinerary-backend/itinerary/group_database.go:360.16,362.3 1 0
github.com/yourusername/itinerary-backend/itinerary/group_database.go:363.2,366.18 3 0
github.com/yourusername/itinerary-backend/itinerary/group_database.go:366.18,369.17 3 0
github.com/yourusername/itinerary-backend/itinerary/group_database.go:369.17,371.4 1 0
github.com/yourusername/itinerary-backend/itinerary/group_database.go:372.3,372.33 1 0
github.com/yourusername/itinerary-backend/itinerary/group_database.go:375.2,375.20 1 0
github.com/yourusername/itinerary-backend/itinerary/group_database.go:379.130,389.16 4 0
github.com/yourusername/itinerary-backend/itinerary/group_database.go:389.16,391.3 1 0
github.com/yourusername/itinerary-backend/itinerary/group_database.go:394.2,403.16 4 0
github.com/yourusername/itinerary-backend/itinerary/group_database.go:403.16,405.3 1 0
github.com/yourusername/itinerary-backend/itinerary/group_database.go:407.2,407.36 1 0
github.com/yourusername/itinerary-backend/itinerary/group_database.go:415.50,425.16 5 0
github.com/yourusername/itinerary-backend/itinerary/group_database.go:425.16,427.3 1 0
github.com/yourusername/itinerary-backend/itinerary/group_database.go:429.2,433.12 4 0
github.com/yourusername/itinerary-backend/itinerary/group_database.go:437.55,448.16 5 0
github.com/yourusername/itinerary-backend/itinerary/group_database.go:448.16,449.27 1 0
github.com/yourusername/itinerary-backend/itinerary/group_database.go:449.27,451.4 1 0
github.com/yourusername/itinerary-backend/itinerary/group_database.go:452.3,452.79 1 0
github.com/yourusername/itinerary-backend/itinerary/group_database.go:455.2,455.18 1 0
github.com/yourusername/itinerary-backend/itinerary/group_database.go:459.72,468.16 3 0
github.com/yourusername/itinerary-backend/itinerary/group_database.go:468.16,470.3 1 0
github.com/yourusername/itinerary-backend/itinerary/group_database.go:471.2,474.18 3 0
github.com/yourusername/itinerary-backend/itinerary/group_database.go:474.18,477.17 3 0
github.com/yourusername/itinerary-backend/itinerary/group_database.go:477.17,479.4 1 0
github.com/yourusername/itinerary-backend/itinerary/group_database.go:480.3,480.30 1 0
github.com/yourusername/itinerary-backend/itinerary/group_database.go:483.2,483.19 1 0
github.com/yourusername/itinerary-backend/itinerary/group_database.go:487.70,491.16 3 0
github.com/yourusername/itinerary-backend/itinerary/group_database.go:491.16,493.3 1 0
github.com/yourusername/itinerary-backend/itinerary/group_database.go:495.2,495.12 1 0
github.com/yourusername/itinerary-backend/itinerary/group_database.go:503.107,512.16 4 0
github.com/yourusername/itinerary-backend/itinerary/group_database.go:512.16,514.3 1 0
github.com/yourusername/itinerary-backend/itinerary/group_database.go:516.2,522.8 1 0
github.com/yourusername/itinerary-backend/itinerary/group_database.go:526.74,535.16 3 0
github.com/yourusername/itinerary-backend/itinerary/group_database.go:535.16,537.3 1 0
github.com/yourusername/itinerary-backend/itinerary/group_database.go:538.2,541.18 3 0
github.com/yourusername/itinerary-backend/itinerary/group_database.go:541.18,544.17 3 0
github.com/yourusername/itinerary-backend/itinerary/group_database.go:544.17,546.4 1 0
github.com/yourusername/itinerary-backend/itinerary/group_database.go:547.3,547.36 1 0
github.com/yourusername/itinerary-backend/itinerary/group_database.go:550.2,550.21 1 0
github.com/yourusername/itinerary-backend/itinerary/group_database.go:558.74,568.16 5 0
github.com/yourusername/itinerary-backend/itinerary/group_database.go:568.16,570.3 1 0
github.com/yourusername/itinerary-backend/itinerary/group_database.go:573.2,575.16 3 0
github.com/yourusername/itinerary-backend/itinerary/group_database.go:575.16,577.3 1 0
github.com/yourusername/itinerary-backend/itinerary/group_database.go:579.2,579.12 1 0
github.com/yourusername/itinerary-backend/itinerary/group_database.go:583.86,596.16 5 0
github.com/yourusername/itinerary-backend/itinerary/group_database.go:596.16,597.27 1 0
github.com/yourusername/itinerary-backend/itinerary/group_database.go:597.27,599.4 1 0
github.com/yourusername/itinerary-backend/itinerary/group_database.go:600.3,600.84 1 0
github.com/yourusername/itinerary-backend/itinerary/group_database.go:603.2,603.18 1 0
github.com/yourusername/itinerary-backend/itinerary/group_database.go:611.131,621.16 5 0
github.com/yourusername/itinerary-backend/itinerary/group_database.go:621.16,623.3 1 0
github.com/yourusername/itinerary-backend/itinerary/group_database.go:625.2,633.8 1 0
github.com/yourusername/itinerary-backend/itinerary/group_database.go:637.79,646.16 3 0
github.com/yourusername/itinerary-backend/itinerary/group_database.go:646.16,648.3 1 0
github.com/yourusername/itinerary-backend/itinerary/group_database.go:649.2,652.18 3 0
github.com/yourusername/itinerary-backend/itinerary/group_database.go:652.18,655.17 3 0
github.com/yourusername/itinerary-backend/itinerary/group_database.go:655.17,657.4 1 0
github.com/yourusername/itinerary-backend/itinerary/group_database.go:658.3,658.48 1 0
github.com/yourusername/itinerary-backend/itinerary/group_database.go:661.2,661.25 1 0
github.com/yourusername/itinerary-backend/itinerary/group_database.go:665.60,670.16 4 0
github.com/yourusername/itinerary-backend/itinerary/group_database.go:670.16,672.3 1 0
github.com/yourusername/itinerary-backend/itinerary/group_database.go:674.2,674.12 1 0
github.com/yourusername/itinerary-backend/itinerary/group_handlers.go:14.58,16.18 2 0
github.com/yourusername/itinerary-backend/itinerary/group_handlers.go:16.18,20.3 3 0
github.com/yourusername/itinerary-backend/itinerary/group_handlers.go:22.2,23.47 2 0
github.com/yourusername/itinerary-backend/itinerary/group_handlers.go:23.47,27.3 3 0
github.com/yourusername/itinerary-backend/itinerary/group_handlers.go:29.2,32.16 3 0
github.com/yourusername/itinerary-backend/itinerary/group_handlers.go:32.16,37.3 4 0
github.com/yourusername/itinerary-backend/itinerary/group_handlers.go:39.2,40.75 2 0
github.com/yourusername/itinerary-backend/itinerary/group_handlers.go:44.55,51.16 5 0
github.com/yourusername/itinerary-backend/itinerary/group_handlers.go:51.16,56.3 4 0
github.com/yourusername/itinerary-backend/itinerary/group_handlers.go:58.2,59.70 2 0
github.com/yourusername/itinerary-backend/itinerary/group_handlers.go:63.60,65.18 2 0
github.com/yourusername/itinerary-backend/itinerary/group_handlers.go:65.18,69.3 3 0
github.com/yourusername/itinerary-backend/itinerary/group_handlers.go:71.2,74.16 3 0
github.com/yourusername/itinerary-backend/itinerary/group_handlers.go:74.16,79.3 4 0
github.com/yourusername/itinerary-backend/itinerary/group_handlers.go:81.2,82.66 2 0
github.com/yourusername/itinerary-backend/itinerary/group_handlers.go:86.58,88.18 2 0
github.com/yourusername/itinerary-backend/itinerary/group_handlers.go:88.18,92.3 3 0
github.com/yourusername/itinerary-backend/itinerary/group_handlers.go:94.2,97.47 3 0
github.com/yourusername/itinerary-backend/itinerary/group_handlers.go:97.47,101.3 3 0
github.com/yourusername/itinerary-backend/itinerary/group_handlers.go:103.2,105.64 2 0
github.com/yourusername/itinerary-backend/itinerary/group_handlers.go:105.64,110.3 4 0
github.com/yourusername/itinerary-backend/itinerary/group_handlers.go:112.2,113.64 2 0
github.com/yourusername/itinerary-backend/itinerary/group_handlers.go:117.58,119.18 2 0
github.com/yourusername/itinerary-backend/itinerary/group_handlers.go:119.18,123.3 3 0
github.com/yourusername/itinerary-backend/itinerary/group_handlers.go:125.2,129.58 3 0
github.com/yourusername/itinerary-backend/itinerary/group_handlers.go:129.58,134.3 4 0
github.com/yourusername/itinerary-backend/itinerary/group_handlers.go:136.2,137.34 2 0
github.com/yourusername/itinerary-backend/itinerary/group_handlers.go:145.55,147.18 2 0
github.com/yourusername/itinerary-backend/itinerary/group_handlers.go:147.18,151.3 3 0
github.com/yourusername/itinerary-backend/itinerary/group_handlers.go:153.2,156.47 3 0
github.com/yourusername/itinerary-backend/itinerary/group_handlers.go:156.47,160.3 3 0
github.com/yourusername/itinerary-backend/itinerary/group_handlers.go:162.2,164.84 2 0
github.com/yourusername/itinerary-backend/itinerary/group_handlers.go:164.84,169.3 4 0
github.com/yourusername/itinerary-backend/itinerary/group_handlers.go:171.2,172.64 2 0
github.com/yourusername/itinerary-backend/itinerary/group_handlers.go:176.58,183.16 5 0
github.com/yourusername/itinerary-backend/itinerary/group_handlers.go:183.16,188.3 4 0
github.com/yourusername/itinerary-backend/itinerary/group_handlers.go:190.2,191.68 2 0
github.com/yourusername/itinerary-backend/itinerary/group_handlers.go:195.60,197.18 2 0
github.com/yourusername/itinerary-backend/itinerary/group_handlers.go:197.18,201.3 3 0
github.com/yourusername/itinerary-backend/itinerary/group_handlers.go:203.2,206.47 3 0
github.com/yourusername/itinerary-backend/itinerary/group_handlers.go:206.47,210.3 3 0
github.com/yourusername/itinerary-backend/itinerary/group_handlers.go:212.2,215.71 3 0
github.com/yourusername/itinerary-backend/itinerary/group_handlers.go:215.71,220.3 4 0
github.com/yourusername/itinerary-backend/itinerary/group_handlers.go:222.2,223.64 2 0
github.com/yourusername/itinerary-backend/itinerary/group_handlers.go:227.60,229.18 2 0
github.com/yourusername/itinerary-backend/itinerary/group_handlers.go:229.18,233.3 3 0
github.com/yourusername/itinerary-backend/itinerary/group_handlers.go:235.2,240.74 4 0
github.com/yourusername/itinerary-backend/itinerary/group_handlers.go:240.74,245.3 4 0
github.com/yourusername/itinerary-backend/itinerary/group_handlers.go:247.2,248.34 2 0
github.com/yourusername/itinerary-backend/itinerary/group_handlers.go:252.53,254.18 2 0
github.com/yourusername/itinerary-backend/itinerary/group_handlers.go:254.18,258.3 3 0
github.com/yourusername/itinerary-backend/itinerary/group_handlers.go:260.2,264.53 3 0
github.com/yourusername/itinerary-backend/itinerary/group_handlers.go:264.53,269.3 4 0
github.com/yourusername/itinerary-backend/itinerary/group_handlers.go:271.2,272.64 2 0
github.com/yourusername/itinerary-backend/itinerary/group_handlers.go:280.53,282.18 2 0
github.com/yourusername/itinerary-backend/itinerary/group_handlers.go:282.18,286.3 3 0
github.com/yourusername/itinerary-backend/itinerary/group_handlers.go:288.2,291.47 3 0
github.com/yourusername/itinerary-backend/itinerary/group_handlers.go:291.47,295.3 3 0
github.com/yourusername/itinerary-backend/itinerary/group_handlers.go:297.2,300.16 3 0
github.com/yourusername/itinerary-backend/itinerary/group_handlers.go:300.16,305.3 4 0
github.com/yourusername/itinerary-backend/itinerary/group_handlers.go:307.2,308.73 2 0
github.com/yourusername/itinerary-backend/itinerary/group_handlers.go:312.59,319.16 5 0
github.com/yourusername/itinerary-backend/itinerary/group_handlers.go:319.16,324.3 4 0
github.com/yourusername/itinerary-backend/itinerary/group_handlers.go:326.2,327.69 2 0
github.com/yourusername/itinerary-backend/itinerary/group_handlers.go:331.59,338.16 5 0
github.com/yourusername/itinerary-backend/itinerary/group_handlers.go:338.16,343.3 4 0
github.com/yourusername/itinerary-backend/itinerary/group_handlers.go:345.2,346.67 2 0
github.com/yourusername/itinerary-backend/itinerary/group_handlers.go:354.53,356.18 2 0
github.com/yourusername/itinerary-backend/itinerary/group_handlers.go:356.18,360.3 3 0
github.com/yourusername/itinerary-backend/itinerary/group_handlers.go:362.2,365.47 3 0
github.com/yourusername/itinerary-backend/itinerary/group_handlers.go:365.47,369.3 3 0
github.com/yourusername/itinerary-backend/itinerary/group_handlers.go:371.2,374.16 3 0
github.com/yourusername/itinerary-backend/itinerary/group_handlers.go:374.16,379.3 4 0
github.com/yourusername/itinerary-backend/itinerary/group_handlers.go:381.2,382.70 2 0
github.com/yourusername/itinerary-backend/itinerary/group_handlers.go:386.50,393.16 5 0
github.com/yourusername/itinerary-backend/itinerary/group_handlers.go:393.16,398.3 4 0
github.com/yourusername/itinerary-backend/itinerary/group_handlers.go:400.2,401.65 2 0
github.com/yourusername/itinerary-backend/itinerary/group_handlers.go:405.56,412.16 5 0
github.com/yourusername/itinerary-backend/itinerary/group_handlers.go:412.16,417.3 4 0
github.com/yourusername/itinerary-backend/itinerary/group_handlers.go:419.2,420.66 2 0
github.com/yourusername/itinerary-backend/itinerary/group_handlers.go:424.51,426.18 2 0
github.com/yourusername/itinerary-backend/itinerary/group_handlers.go:426.18,430.3 3 0
github.com/yourusername/itinerary-backend/itinerary/group_handlers.go:432.2,435.47 3 0
github.com/yourusername/itinerary-backend/itinerary/group_handlers.go:435.47,439.3 3 0
github.com/yourusername/itinerary-backend/itinerary/group_handlers.go:441.2,443.67 2 0
github.com/yourusername/itinerary-backend/itinerary/group_handlers.go:443.67,448.3 4 0
github.com/yourusername/itinerary-backend/itinerary/group_handlers.go:450.2,451.64 2 0
github.com/yourusername/itinerary-backend/itinerary/group_models.go:272.39,273.20 1 0
github.com/yourusername/itinerary-backend/itinerary/group_models.go:273.20,275.3 1 0
github.com/yourusername/itinerary-backend/itinerary/group_models.go:276.2,276.20 1 0
github.com/yourusername/itinerary-backend/itinerary/group_models.go:276.20,278.3 1 0
github.com/yourusername/itinerary-backend/itinerary/group_models.go:279.2,279.22 1 0
github.com/yourusername/itinerary-backend/itinerary/group_models.go:279.22,281.3 1 0
github.com/yourusername/itinerary-backend/itinerary/group_models.go:282.2,282.12 1 0
github.com/yourusername/itinerary-backend/itinerary/group_models.go:286.36,287.25 1 0
github.com/yourusername/itinerary-backend/itinerary/group_models.go:287.25,289.3 1 0
github.com/yourusername/itinerary-backend/itinerary/group_models.go:290.2,290.19 1 0
github.com/yourusername/itinerary-backend/itinerary/group_models.go:290.19,292.3 1 0
github.com/yourusername/itinerary-backend/itinerary/group_models.go:293.2,293.20 1 0
github.com/yourusername/itinerary-backend/itinerary/group_models.go:293.20,295.3 1 0
github.com/yourusername/itinerary-backend/itinerary/group_models.go:296.2,296.12 1 0
github.com/yourusername/itinerary-backend/itinerary/group_models.go:300.42,301.23 1 0
github.com/yourusername/itinerary-backend/itinerary/group_models.go:301.23,303.3 1 0
github.com/yourusername/itinerary-backend/itinerary/group_models.go:304.2,304.12 1 0
github.com/yourusername/itinerary-backend/itinerary/group_models.go:308.33,309.22 1 0
github.com/yourusername/itinerary-backend/itinerary/group_models.go:309.22,311.3 1 0
github.com/yourusername/itinerary-backend/itinerary/group_models.go:312.2,312.24 1 0
github.com/yourusername/itinerary-backend/itinerary/group_models.go:312.24,314.3 1 0
github.com/yourusername/itinerary-backend/itinerary/group_models.go:315.2,315.12 1 0
github.com/yourusername/itinerary-backend/itinerary/group_models.go:319.39,320.22 1 0
github.com/yourusername/itinerary-backend/itinerary/group_models.go:320.22,322.3 1 0
github.com/yourusername/itinerary-backend/itinerary/group_models.go:323.2,323.24 1 0
github.com/yourusername/itinerary-backend/itinerary/group_models.go:323.24,325.3 1 0
github.com/yourusername/itinerary-backend/itinerary/group_models.go:326.2,326.19 1 0
github.com/yourusername/itinerary-backend/itinerary/group_models.go:326.19,328.3 1 0
github.com/yourusername/itinerary-backend/itinerary/group_models.go:329.2,329.32 1 0
github.com/yourusername/itinerary-backend/itinerary/group_models.go:329.32,331.3 1 0
github.com/yourusername/itinerary-backend/itinerary/group_models.go:332.2,332.12 1 0
github.com/yourusername/itinerary-backend/itinerary/group_routes.go:7.112,11.2 3 0
github.com/yourusername/itinerary-backend/itinerary/group_routes.go:11.2,36.3 17 0
github.com/yourusername/itinerary-backend/itinerary/group_routes.go:38.2,38.60 1 0
github.com/yourusername/itinerary-backend/itinerary/group_service.go:13.99,15.21 1 0
github.com/yourusername/itinerary-backend/itinerary/group_service.go:15.21,17.3 1 0
github.com/yourusername/itinerary-backend/itinerary/group_service.go:18.2,18.23 1 0
github.com/yourusername/itinerary-backend/itinerary/group_service.go:18.23,20.3 1 0
github.com/yourusername/itinerary-backend/itinerary/group_service.go:21.2,21.21 1 0
github.com/yourusername/itinerary-backend/itinerary/group_service.go:21.21,23.3 1 0
github.com/yourusername/itinerary-backend/itinerary/group_service.go:26.2,36.56 2 0
github.com/yourusername/itinerary-backend/itinerary/group_service.go:36.56,38.3 1 0
github.com/yourusername/itinerary-backend/itinerary/group_service.go:41.2,41.91 1 0
github.com/yourusername/itinerary-backend/itinerary/group_service.go:41.91,43.3 1 0
github.com/yourusername/itinerary-backend/itinerary/group_service.go:46.2,46.46 1 0
github.com/yourusername/itinerary-backend/itinerary/group_service.go:46.46,47.25 1 0
github.com/yourusername/itinerary-backend/itinerary/group_service.go:47.25,48.96 1 0
github.com/yourusername/itinerary-backend/itinerary/group_service.go:48.96,51.5 1 0
github.com/yourusername/itinerary-backend/itinerary/group_service.go:55.2,55.23 1 0
github.com/yourusername/itinerary-backend/itinerary/group_service.go:59.63,61.16 2 0
github.com/yourusername/itinerary-backend/itinerary/group_service.go:61.16,63.3 1 0
github.com/yourusername/itinerary-backend/itinerary/group_service.go:78.2,79.16 2 0
github.com/yourusername/itinerary-backend/itinerary/group_service.go:79.16,82.3 2 0
github.com/yourusername/itinerary-backend/itinerary/group_service.go:85.2,86.16 2 0
github.com/yourusername/itinerary-backend/itinerary/group_service.go:86.16,89.30 3 0
github.com/yourusername/itinerary-backend/itinerary/group_service.go:89.30,91.4 1 0
github.com/yourusername/itinerary-backend/itinerary/group_service.go:92.3,92.33 1 0
github.com/yourusername/itinerary-backend/itinerary/group_service.go:95.2,95.23 1 0
github.com/yourusername/itinerary-backend/itinerary/group_service.go:99.74,101.2 1 0
github.com/yourusername/itinerary-backend/itinerary/group_service.go:104.100,107.16 2 0
github.com/yourusername/itinerary-backend/itinerary/group_service.go:107.16,109.3 1 0
github.com/yourusername/itinerary-backend/itinerary/group_service.go:111.2,111.33 1 0
github.com/yourusername/itinerary-backend/itinerary/group_service.go:111.33,113.3 1 0
github.com/yourusername/itinerary-backend/itinerary/group_service.go:115.2,115.42 1 0
github.com/yourusername/itinerary-backend/itinerary/group_service.go:119.71,122.16 2 0
github.com/yourusername/itinerary-backend/itinerary/group_service.go:122.16,124.3 1 0
github.com/yourusername/itinerary-backend/itinerary/group_service.go:126.2,126.33 1 0
github.com/yourusername/itinerary-backend/itinerary/group_service.go:126.33,128.3 1 0
github.com/yourusername/itinerary-backend/itinerary/group_service.go:130.2,130.37 1 0
github.com/yourusername/itinerary-backend/itinerary/group_service.go:138.109,141.16 2 0
github.com/yourusername/itinerary-backend/itinerary/group_service.go:141.16,143.3 1 0
github.com/yourusername/itinerary-backend/itinerary/group_service.go:145.2,145.81 1 0
github.com/yourusername/itinerary-backend/itinerary/group_service.go:145.81,147.3 1 0
github.com/yourusername/itinerary-backend/itinerary/group_service.go:150.2,151.21 2 0
github.com/yourusername/itinerary-backend/itinerary/group_service.go:151.21,153.3 1 0
github.com/yourusername/itinerary-backend/itinerary/group_service.go:156.2,157.12 2 0
github.com/yourusername/itinerary-backend/itinerary/group_service.go:161.89,163.16 2 0
github.com/yourusername/itinerary-backend/itinerary/group_service.go:163.16,165.3 1 0
github.com/yourusername/itinerary-backend/itinerary/group_service.go:167.2,167.47 1 0
github.com/yourusername/itinerary-backend/itinerary/group_service.go:167.47,169.3 1 0
github.com/yourusername/itinerary-backend/itinerary/group_service.go:171.2,171.12 1 0
github.com/yourusername/itinerary-backend/itinerary/group_service.go:171.12,173.3 1 0
github.com/yourusername/itinerary-backend/itinerary/group_service.go:173.8,175.3 1 0
github.com/yourusername/itinerary-backend/itinerary/group_service.go:179.94,182.16 2 0
github.com/yourusername/itinerary-backend/itinerary/group_service.go:182.16,184.3 1 0
github.com/yourusername/itinerary-backend/itinerary/group_service.go:186.2,186.41 1 0
github.com/yourusername/itinerary-backend/itinerary/group_service.go:186.41,188.3 1 0
github.com/yourusername/itinerary-backend/itinerary/group_service.go:191.2,192.70 2 0
github.com/yourusername/itinerary-backend/itinerary/group_service.go:192.70,194.3 1 0
github.com/yourusername/itinerary-backend/itinerary/group_service.go:196.2,196.53 1 0
github.com/yourusername/itinerary-backend/itinerary/group_service.go:200.66,202.16 2 0
github.com/yourusername/itinerary-backend/itinerary/group_service.go:202.16,204.3 1 0
github.com/yourusername/itinerary-backend/itinerary/group_service.go:206.2,206.41 1 0
github.com/yourusername/itinerary-backend/itinerary/group_service.go:206.41,208.3 1 0
github.com/yourusername/itinerary-backend/itinerary/group_service.go:210.2,210.71 1 0
github.com/yourusername/itinerary-backend/itinerary/group_service.go:218.105,221.16 2 0
github.com/yourusername/itinerary-backend/itinerary/group_service.go:221.16,223.3 1 0
github.com/yourusername/itinerary-backend/itinerary/group_service.go:226.2,226.21 1 0
github.com/yourusername/itinerary-backend/itinerary/group_service.go:226.21,228.3 1 0
github.com/yourusername/itinerary-backend/itinerary/group_service.go:229.2,229.30 1 0
github.com/yourusername/itinerary-backend/itinerary/group_service.go:229.30,231.3 1 0
github.com/yourusername/itinerary-backend/itinerary/group_service.go:234.2,242.52 2 0
github.com/yourusername/itinerary-backend/itinerary/group_service.go:242.52,244.3 1 0
github.com/yourusername/itinerary-backend/itinerary/group_service.go:247.2,247.30 1 0
github.com/yourusername/itinerary-backend/itinerary/group_service.go:247.30,250.43 2 0
github.com/yourusername/itinerary-backend/itinerary/group_service.go:250.43,256.57 2 0
github.com/yourusername/itinerary-backend/itinerary/group_service.go:256.57,258.5 1 0
github.com/yourusername/itinerary-backend/itinerary/group_service.go:260.8,260.38 1 0
github.com/yourusername/itinerary-backend/itinerary/group_service.go:260.38,262.49 1 0
github.com/yourusername/itinerary-backend/itinerary/group_service.go:262.49,268.57 2 0
github.com/yourusername/itinerary-backend/itinerary/group_service.go:268.57,270.5 1 0
github.com/yourusername/itinerary-backend/itinerary/group_service.go:274.2,274.21 1 0
github.com/yourusername/itinerary-backend/itinerary/group_service.go:278.80,281.16 2 0
github.com/yourusername/itinerary-backend/itinerary/group_service.go:281.16,283.3 1 0
github.com/yourusername/itinerary-backend/itinerary/group_service.go:286.2,287.16 2 0
github.com/yourusername/itinerary-backend/itinerary/group_service.go:287.16,289.3 1 0
github.com/yourusername/itinerary-backend/itinerary/group_service.go:291.2,295.35 3 0
github.com/yourusername/itinerary-backend/itinerary/group_service.go:295.35,297.38 2 0
github.com/yourusername/itinerary-backend/itinerary/group_service.go:297.38,299.4 1 0
github.com/yourusername/itinerary-backend/itinerary/group_service.go:303.2,303.33 1 0
github.com/yourusername/itinerary-backend/itinerary/group_service.go:303.33,304.40 1 0
github.com/yourusername/itinerary-backend/itinerary/group_service.go:304.40,306.4 1 0
github.com/yourusername/itinerary-backend/itinerary/group_service.go:307.3,307.37 1 0
github.com/yourusername/itinerary-backend/itinerary/group_service.go:307.37,309.4 1 0
github.com/yourusername/itinerary-backend/itinerary/group_service.go:313.2,313.35 1 0
github.com/yourusername/itinerary-backend/itinerary/group_service.go:313.35,315.17 2 0
github.com/yourusername/itinerary-backend/itinerary/group_service.go:315.17,316.33 1 0
github.com/yourusername/itinerary-backend/itinerary/group_service.go:316.33,318.5 1 0
github.com/yourusername/itinerary-backend/itinerary/group_service.go:323.2,327.35 3 0
github.com/yourusername/itinerary-backend/itinerary/group_service.go:327.35,329.3 1 0
github.com/yourusername/itinerary-backend/itinerary/group_service.go:332.2,340.8 2 0
github.com/yourusername/itinerary-backend/itinerary/group_service.go:349.116,352.33 2 0
github.com/yourusername/itinerary-backend/itinerary/group_service.go:352.33,354.3 1 0
github.com/yourusername/itinerary-backend/itinerary/group_service.go:357.2,362.40 2 0
github.com/yourusername/itinerary-backend/itinerary/group_service.go:362.40,363.21 1 0
github.com/yourusername/itinerary-backend/itinerary/group_service.go:363.21,368.4 1 0
github.com/yourusername/itinerary-backend/itinerary/group_service.go:368.9,368.29 1 0
github.com/yourusername/itinerary-backend/itinerary/group_service.go:368.29,373.4 1 0
github.com/yourusername/itinerary-backend/itinerary/group_service.go:377.2,377.44 1 0
github.com/yourusername/itinerary-backend/itinerary/group_service.go:377.44,377.96 1 0
github.com/yourusername/itinerary-backend/itinerary/group_service.go:378.2,378.42 1 0
github.com/yourusername/itinerary-backend/itinerary/group_service.go:378.42,378.90 1 0
github.com/yourusername/itinerary-backend/itinerary/group_service.go:381.2,384.45 3 0
github.com/yourusername/itinerary-backend/itinerary/group_service.go:384.45,390.35 4 0
github.com/yourusername/itinerary-backend/itinerary/group_service.go:390.35,392.4 1 0
github.com/yourusername/itinerary-backend/itinerary/group_service.go:394.3,407.33 5 0
github.com/yourusername/itinerary-backend/itinerary/group_service.go:407.33,409.4 1 0
github.com/yourusername/itinerary-backend/itinerary/group_service.go:410.3,410.31 1 0
github.com/yourusername/itinerary-backend/itinerary/group_service.go:410.31,412.4 1 0
github.com/yourusername/itinerary-backend/itinerary/group_service.go:415.2,415.20 1 0
github.com/yourusername/itinerary-backend/itinerary/group_service.go:419.77,420.27 1 0
github.com/yourusername/itinerary-backend/itinerary/group_service.go:420.27,422.3 1 0
github.com/yourusername/itinerary-backend/itinerary/group_service.go:424.2,425.41 2 0
github.com/yourusername/itinerary-backend/itinerary/group_service.go:425.41,427.3 1 0
github.com/yourusername/itinerary-backend/itinerary/group_service.go:429.2,429.16 1 0
github.com/yourusername/itinerary-backend/itinerary/group_service.go:437.99,440.16 2 0
github.com/yourusername/itinerary-backend/itinerary/group_service.go:440.16,442.3 1 0
github.com/yourusername/itinerary-backend/itinerary/group_service.go:445.2,445.26 1 0
github.com/yourusername/itinerary-backend/itinerary/group_service.go:445.26,447.3 1 0
github.com/yourusername/itinerary-backend/itinerary/group_service.go:450.2,458.46 2 0
github.com/yourusername/itinerary-backend/itinerary/group_service.go:458.46,460.3 1 0
github.com/yourusername/itinerary-backend/itinerary/group_service.go:463.2,463.41 1 0
github.com/yourusername/itinerary-backend/itinerary/group_service.go:463.41,465.17 2 0
github.com/yourusername/itinerary-backend/itinerary/group_service.go:465.17,467.4 1 0
github.com/yourusername/itinerary-backend/itinerary/group_service.go:471.2,472.16 2 0
github.com/yourusername/itinerary-backend/itinerary/group_service.go:472.16,474.3 1 0
github.com/yourusername/itinerary-backend/itinerary/group_service.go:476.2,476.18 1 0
github.com/yourusername/itinerary-backend/itinerary/group_service.go:480.57,482.16 2 0
github.com/yourusername/itinerary-backend/itinerary/group_service.go:482.16,484.3 1 0
github.com/yourusername/itinerary-backend/itinerary/group_service.go:493.2,494.16 2 0
github.com/yourusername/itinerary-backend/itinerary/group_service.go:494.16,496.3 1 0
github.com/yourusername/itinerary-backend/itinerary/group_service.go:498.2,498.18 1 0
github.com/yourusername/itinerary-backend/itinerary/group_service.go:502.83,505.16 2 0
github.com/yourusername/itinerary-backend/itinerary/group_service.go:505.16,507.3 1 0
github.com/yourusername/itinerary-backend/itinerary/group_service.go:509.2,509.25 1 0
github.com/yourusername/itinerary-backend/itinerary/group_service.go:509.25,511.3 1 0
github.com/yourusername/itinerary-backend/itinerary/group_service.go:514.2,514.46 1 0
github.com/yourusername/itinerary-backend/itinerary/handlers.go:25.80,31.2 1 0
github.com/yourusername/itinerary-backend/itinerary/handlers.go:34.52,39.35 3 0
github.com/yourusername/itinerary-backend/itinerary/handlers.go:39.35,40.63 1 0
github.com/yourusername/itinerary-backend/itinerary/handlers.go:40.63,42.4 1 0
github.com/yourusername/itinerary-backend/itinerary/handlers.go:42.9,45.4 2 0
github.com/yourusername/itinerary-backend/itinerary/handlers.go:47.2,47.42 1 0
github.com/yourusername/itinerary-backend/itinerary/handlers.go:47.42,48.81 1 0
github.com/yourusername/itinerary-backend/itinerary/handlers.go:48.81,50.4 1 0
github.com/yourusername/itinerary-backend/itinerary/handlers.go:50.9,53.4 2 0
github.com/yourusername/itinerary-backend/itinerary/handlers.go:56.2,59.16 3 0
github.com/yourusername/itinerary-backend/itinerary/handlers.go:59.16,73.3 7 0
github.com/yourusername/itinerary-backend/itinerary/handlers.go:75.2,88.4 3 0
github.com/yourusername/itinerary-backend/itinerary/handlers.go:92.64,95.25 2 0
github.com/yourusername/itinerary-backend/itinerary/handlers.go:95.25,101.3 5 0
github.com/yourusername/itinerary-backend/itinerary/handlers.go:103.2,106.35 3 0
github.com/yourusername/itinerary-backend/itinerary/handlers.go:106.35,107.63 1 0
github.com/yourusername/itinerary-backend/itinerary/handlers.go:107.63,109.4 1 0
github.com/yourusername/itinerary-backend/itinerary/handlers.go:112.2,119.16 3 0
github.com/yourusername/itinerary-backend/itinerary/handlers.go:119.16,132.3 7 0
github.com/yourusername/itinerary-backend/itinerary/handlers.go:134.2,146.4 3 0
github.com/yourusername/itinerary-backend/itinerary/handlers.go:150.55,153.23 2 0
github.com/yourusername/itinerary-backend/itinerary/handlers.go:153.23,159.3 5 0
github.com/yourusername/itinerary-backend/itinerary/handlers.go:161.2,164.16 3 0
github.com/yourusername/itinerary-backend/itinerary/handlers.go:164.16,177.3 7 0
github.com/yourusername/itinerary-backend/itinerary/handlers.go:179.2,179.34 1 0
github.com/yourusername/itinerary-backend/itinerary/handlers.go:183.52,185.47 2 0
github.com/yourusername/itinerary-backend/itinerary/handlers.go:185.47,188.3 2 0
github.com/yourusername/itinerary-backend/itinerary/handlers.go:190.2,192.56 2 0
github.com/yourusername/itinerary-backend/itinerary/handlers.go:192.56,196.3 3 0
github.com/yourusername/itinerary-backend/itinerary/handlers.go:198.2,198.33 1 0
github.com/yourusername/itinerary-backend/itinerary/handlers.go:202.50,205.23 2 0
github.com/yourusername/itinerary-backend/itinerary/handlers.go:205.23,211.3 5 0
github.com/yourusername/itinerary-backend/itinerary/handlers.go:213.2,215.66 2 0
github.com/yourusername/itinerary-backend/itinerary/handlers.go:215.66,228.3 7 0
github.com/yourusername/itinerary-backend/itinerary/handlers.go:230.2,233.68 3 0
github.com/yourusername/itinerary-backend/itinerary/handlers.go:237.55,240.23 2 0
github.com/yourusername/itinerary-backend/itinerary/handlers.go:240.23,246.3 5 0
github.com/yourusername/itinerary-backend/itinerary/handlers.go:248.2,249.51 2 0
github.com/yourusername/itinerary-backend/itinerary/handlers.go:249.51,255.3 5 0
github.com/yourusername/itinerary-backend/itinerary/handlers.go:257.2,266.55 4 0
github.com/yourusername/itinerary-backend/itinerary/handlers.go:266.55,280.3 7 0
github.com/yourusername/itinerary-backend/itinerary/handlers.go:282.2,288.37 3 0
github.com/yourusername/itinerary-backend/itinerary/handlers.go:294.42,298.35 3 0
github.com/yourusername/itinerary-backend/itinerary/handlers.go:298.35,299.63 1 0
github.com/yourusername/itinerary-backend/itinerary/handlers.go:299.63,301.4 1 0
github.com/yourusername/itinerary-backend/itinerary/handlers.go:304.2,305.16 2 0
github.com/yourusername/itinerary-backend/itinerary/handlers.go:305.16,311.3 3 0
github.com/yourusername/itinerary-backend/itinerary/handlers.go:313.2,319.4 2 0
github.com/yourusername/itinerary-backend/itinerary/handlers.go:323.54,328.35 4 0
github.com/yourusername/itinerary-backend/itinerary/handlers.go:328.35,329.63 1 0
github.com/yourusername/itinerary-backend/itinerary/handlers.go:329.63,331.4 1 0
github.com/yourusername/itinerary-backend/itinerary/handlers.go:334.2,335.16 2 0
github.com/yourusername/itinerary-backend/itinerary/handlers.go:335.16,341.3 3 0
github.com/yourusername/itinerary-backend/itinerary/handlers.go:343.2,350.4 2 0
github.com/yourusername/itinerary-backend/itinerary/handlers.go:354.52,358.16 3 0
github.com/yourusername/itinerary-backend/itinerary/handlers.go:358.16,364.3 3 0
github.com/yourusername/itinerary-backend/itinerary/handlers.go:367.2,368.39 2 0
github.com/yourusername/itinerary-backend/itinerary/handlers.go:368.39,370.3 1 0
github.com/yourusername/itinerary-backend/itinerary/handlers.go:372.2,375.4 1 0
github.com/yourusername/itinerary-backend/itinerary/handlers.go:379.56,381.16 2 0
github.com/yourusername/itinerary-backend/itinerary/handlers.go:381.16,384.3 2 0
github.com/yourusername/itinerary-backend/itinerary/handlers.go:386.2,388.4 1 0
github.com/yourusername/itinerary-backend/itinerary/handlers.go:392.58,394.43 2 0
github.com/yourusername/itinerary-backend/itinerary/handlers.go:394.43,399.3 2 0
github.com/yourusername/itinerary-backend/itinerary/handlers.go:401.2,403.56 2 0
github.com/yourusername/itinerary-backend/itinerary/handlers.go:403.56,409.3 3 0
github.com/yourusername/itinerary-backend/itinerary/handlers.go:412.2,412.55 1 0
github.com/yourusername/itinerary-backend/itinerary/handlers.go:416.47,422.17 5 0
github.com/yourusername/itinerary-backend/itinerary/handlers.go:422.17,425.3 1 0
github.com/yourusername/itinerary-backend/itinerary/handlers.go:427.2,432.4 1 0
github.com/yourusername/itinerary-backend/itinerary/handlers.go:438.46,442.2 1 0
github.com/yourusername/itinerary-backend/itinerary/handlers.go:445.46,447.17 2 0
github.com/yourusername/itinerary-backend/itinerary/handlers.go:447.17,450.3 2 0
github.com/yourusername/itinerary-backend/itinerary/handlers.go:453.2,454.16 2 0
github.com/yourusername/itinerary-backend/itinerary/handlers.go:454.16,457.3 2 0
github.com/yourusername/itinerary-backend/itinerary/handlers.go:459.2,462.4 1 0
github.com/yourusername/itinerary-backend/itinerary/handlers.go:466.49,468.17 2 0
github.com/yourusername/itinerary-backend/itinerary/handlers.go:468.17,471.3 2 0
github.com/yourusername/itinerary-backend/itinerary/handlers.go:473.2,475.16 3 0
github.com/yourusername/itinerary-backend/itinerary/handlers.go:475.16,478.3 2 0
github.com/yourusername/itinerary-backend/itinerary/handlers.go:480.2,484.4 1 0
github.com/yourusername/itinerary-backend/itinerary/handlers.go:488.48,490.17 2 0
github.com/yourusername/itinerary-backend/itinerary/handlers.go:490.17,493.3 2 0
github.com/yourusername/itinerary-backend/itinerary/handlers.go:495.2,497.16 3 0
github.com/yourusername/itinerary-backend/itinerary/handlers.go:497.16,500.3 2 0
github.com/yourusername/itinerary-backend/itinerary/handlers.go:502.2,505.4 1 0
github.com/yourusername/itinerary-backend/itinerary/handlers.go:509.49,511.17 2 0
github.com/yourusername/itinerary-backend/itinerary/handlers.go:511.17,514.3 2 0
github.com/yourusername/itinerary-backend/itinerary/handlers.go:516.2,518.16 3 0
github.com/yourusername/itinerary-backend/itinerary/handlers.go:518.16,524.3 3 0
github.com/yourusername/itinerary-backend/itinerary/handlers.go:526.2,529.4 1 0
github.com/yourusername/itinerary-backend/itinerary/handlers.go:533.50,535.16 2 0
github.com/yourusername/itinerary-backend/itinerary/handlers.go:535.16,538.3 2 0
github.com/yourusername/itinerary-backend/itinerary/handlers.go:540.2,543.4 1 0
github.com/yourusername/itinerary-backend/itinerary/handlers.go:549.51,551.18 2 0
github.com/yourusername/itinerary-backend/itinerary/handlers.go:551.18,556.3 4 0
github.com/yourusername/itinerary-backend/itinerary/handlers.go:558.2,559.47 2 0
github.com/yourusername/itinerary-backend/itinerary/handlers.go:559.47,565.3 5 0
github.com/yourusername/itinerary-backend/itinerary/handlers.go:567.2,571.55 4 0
github.com/yourusername/itinerary-backend/itinerary/handlers.go:571.55,580.3 7 0
github.com/yourusername/itinerary-backend/itinerary/handlers.go:582.2,583.33 2 0
github.com/yourusername/itinerary-backend/itinerary/handlers.go:587.48,591.18 3 0
github.com/yourusername/itinerary-backend/itinerary/handlers.go:591.18,596.3 4 0
github.com/yourusername/itinerary-backend/itinerary/handlers.go:598.2,599.16 2 0
github.com/yourusername/itinerary-backend/itinerary/handlers.go:599.16,608.3 7 0
github.com/yourusername/itinerary-backend/itinerary/handlers.go:611.2,611.57 1 0
github.com/yourusername/itinerary-backend/itinerary/handlers.go:611.57,616.3 4 0
github.com/yourusername/itinerary-backend/itinerary/handlers.go:618.2,618.29 1 0
github.com/yourusername/itinerary-backend/itinerary/handlers.go:622.51,626.18 3 0
github.com/yourusername/itinerary-backend/itinerary/handlers.go:626.18,630.3 3 0
github.com/yourusername/itinerary-backend/itinerary/handlers.go:632.2,633.47 2 0
github.com/yourusername/itinerary-backend/itinerary/handlers.go:633.47,638.3 4 0
github.com/yourusername/itinerary-backend/itinerary/handlers.go:641.2,642.41 2 0
github.com/yourusername/itinerary-backend/itinerary/handlers.go:642.41,646.3 3 0
github.com/yourusername/itinerary-backend/itinerary/handlers.go:648.2,651.55 3 0
github.com/yourusername/itinerary-backend/itinerary/handlers.go:651.55,660.3 7 0
github.com/yourusername/itinerary-backend/itinerary/handlers.go:662.2,663.28 2 0
github.com/yourusername/itinerary-backend/itinerary/handlers.go:667.51,671.18 3 0
github.com/yourusername/itinerary-backend/itinerary/handlers.go:671.18,675.3 3 0
github.com/yourusername/itinerary-backend/itinerary/handlers.go:678.2,679.41 2 0
github.com/yourusername/itinerary-backend/itinerary/handlers.go:679.41,683.3 3 0
github.com/yourusername/itinerary-backend/itinerary/handlers.go:685.2,685.57 1 0
github.com/yourusername/itinerary-backend/itinerary/handlers.go:685.57,694.3 7 0
github.com/yourusername/itinerary-backend/itinerary/handlers.go:696.2,697.70 2 0
github.com/yourusername/itinerary-backend/itinerary/handlers.go:701.50,704.18 2 0
github.com/yourusername/itinerary-backend/itinerary/handlers.go:704.18,708.3 3 0
github.com/yourusername/itinerary-backend/itinerary/handlers.go:710.2,711.16 2 0
github.com/yourusername/itinerary-backend/itinerary/handlers.go:711.16,720.3 7 0
github.com/yourusername/itinerary-backend/itinerary/handlers.go:722.2,725.4 1 0
github.com/yourusername/itinerary-backend/itinerary/handlers.go:729.51,733.18 3 0
github.com/yourusername/itinerary-backend/itinerary/handlers.go:733.18,737.3 3 0
github.com/yourusername/itinerary-backend/itinerary/handlers.go:740.2,741.41 2 0
github.com/yourusername/itinerary-backend/itinerary/handlers.go:741.41,745.3 3 0
github.com/yourusername/itinerary-backend/itinerary/handlers.go:747.2,748.47 2 0
github.com/yourusername/itinerary-backend/itinerary/handlers.go:748.47,753.3 4 0
github.com/yourusername/itinerary-backend/itinerary/handlers.go:755.2,758.55 3 0
github.com/yourusername/itinerary-backend/itinerary/handlers.go:758.55,767.3 7 0
github.com/yourusername/itinerary-backend/itinerary/handlers.go:769.2,770.33 2 0
github.com/yourusername/itinerary-backend/itinerary/handlers.go:774.49,778.21 3 0
github.com/yourusername/itinerary-backend/itinerary/handlers.go:778.21,782.3 3 0
github.com/yourusername/itinerary-backend/itinerary/handlers.go:784.2,785.47 2 0
github.com/yourusername/itinerary-backend/itinerary/handlers.go:785.47,790.3 4 0
github.com/yourusername/itinerary-backend/itinerary/handlers.go:792.2,795.53 3 0
github.com/yourusername/itinerary-backend/itinerary/handlers.go:795.53,804.3 7 0
github.com/yourusername/itinerary-backend/itinerary/handlers.go:806.2,807.33 2 0
github.com/yourusername/itinerary-backend/itinerary/handlers.go:811.50,815.21 3 0
github.com/yourusername/itinerary-backend/itinerary/handlers.go:815.21,819.3 3 0
github.com/yourusername/itinerary-backend/itinerary/handlers.go:821.2,822.47 2 0
github.com/yourusername/itinerary-backend/itinerary/handlers.go:822.47,827.3 4 0
github.com/yourusername/itinerary-backend/itinerary/handlers.go:829.2,829.38 1 0
github.com/yourusername/itinerary-backend/itinerary/handlers.go:829.38,833.3 3 0
github.com/yourusername/itinerary-backend/itinerary/handlers.go:835.2,838.54 3 0
github.com/yourusername/itinerary-backend/itinerary/handlers.go:838.54,847.3 7 0
github.com/yourusername/itinerary-backend/itinerary/handlers.go:849.2,850.33 2 0
github.com/yourusername/itinerary-backend/itinerary/handlers.go:854.52,858.18 3 0
github.com/yourusername/itinerary-backend/itinerary/handlers.go:858.18,862.3 3 0
github.com/yourusername/itinerary-backend/itinerary/handlers.go:865.2,866.41 2 0
github.com/yourusername/itinerary-backend/itinerary/handlers.go:866.41,870.3 3 0
github.com/yourusername/itinerary-backend/itinerary/handlers.go:872.2,878.47 2 0
github.com/yourusername/itinerary-backend/itinerary/handlers.go:878.47,883.3 4 0
github.com/yourusername/itinerary-backend/itinerary/handlers.go:885.2,895.57 2 0
github.com/yourusername/itinerary-backend/itinerary/handlers.go:895.57,904.3 7 0
github.com/yourusername/itinerary-backend/itinerary/handlers.go:906.2,907.34 2 0
github.com/yourusername/itinerary-backend/itinerary/logger.go:19.40,22.51 2 0
github.com/yourusername/itinerary-backend/itinerary/logger.go:22.51,24.3 1 0
github.com/yourusername/itinerary-backend/itinerary/logger.go:27.2,29.16 3 0
github.com/yourusername/itinerary-backend/itinerary/logger.go:29.16,31.3 1 0
github.com/yourusername/itinerary-backend/itinerary/logger.go:32.2,37.16 4 0
github.com/yourusername/itinerary-backend/itinerary/logger.go:37.16,38.54 1 0
github.com/yourusername/itinerary-backend/itinerary/logger.go:42.2,44.24 2 0
github.com/yourusername/itinerary-backend/itinerary/logger.go:48.62,50.40 2 1
github.com/yourusername/itinerary-backend/itinerary/logger.go:50.40,53.3 2 1
github.com/yourusername/itinerary-backend/itinerary/logger.go:54.2,54.18 1 1
github.com/yourusername/itinerary-backend/itinerary/logger.go:58.63,60.40 2 1
github.com/yourusername/itinerary-backend/itinerary/logger.go:60.40,63.3 2 1
github.com/yourusername/itinerary-backend/itinerary/logger.go:64.2,64.18 1 1
github.com/yourusername/itinerary-backend/itinerary/logger.go:68.63,70.40 2 1
github.com/yourusername/itinerary-backend/itinerary/logger.go:70.40,73.3 2 1
github.com/yourusername/itinerary-backend/itinerary/logger.go:74.2,74.18 1 1
github.com/yourusername/itinerary-backend/itinerary/logger.go:78.62,80.40 2 1
github.com/yourusername/itinerary-backend/itinerary/logger.go:80.40,83.3 2 1
github.com/yourusername/itinerary-backend/itinerary/logger.go:84.2,84.18 1 1
github.com/yourusername/itinerary-backend/itinerary/logger.go:88.50,89.30 1 0
github.com/yourusername/itinerary-backend/itinerary/logger.go:89.30,105.89 7 0
github.com/yourusername/itinerary-backend/itinerary/logger.go:105.89,107.4 1 0
github.com/yourusername/itinerary-backend/itinerary/logger.go:107.9,107.58 1 0
github.com/yourusername/itinerary-backend/itinerary/logger.go:107.58,109.4 1 0
github.com/yourusername/itinerary-backend/itinerary/logger.go:112.3,121.24 2 0
github.com/yourusername/itinerary-backend/itinerary/logger.go:121.24,123.4 1 0
github.com/yourusername/itinerary-backend/itinerary/logger.go:125.3,125.31 1 0
github.com/yourusername/itinerary-backend/itinerary/logger.go:130.48,131.30 1 0
github.com/yourusername/itinerary-backend/itinerary/logger.go:131.30,135.24 2 0
github.com/yourusername/itinerary-backend/itinerary/logger.go:135.24,136.59 1 0
github.com/yourusername/itinerary-backend/itinerary/logger.go:136.59,138.5 1 0
github.com/yourusername/itinerary-backend/itinerary/logger.go:139.4,139.61 1 0
github.com/yourusername/itinerary-backend/itinerary/logger.go:139.61,141.5 1 0
github.com/yourusername/itinerary-backend/itinerary/logger.go:142.4,142.62 1 0
github.com/yourusername/itinerary-backend/itinerary/logger.go:142.62,144.5 1 0
github.com/yourusername/itinerary-backend/itinerary/logger.go:150.51,151.30 1 0
github.com/yourusername/itinerary-backend/itinerary/logger.go:151.30,152.16 1 0
github.com/yourusername/itinerary-backend/itinerary/logger.go:152.16,153.36 1 0
github.com/yourusername/itinerary-backend/itinerary/logger.go:153.36,163.5 2 0
github.com/yourusername/itinerary-backend/itinerary/logger.go:165.3,165.11 1 0
github.com/yourusername/itinerary-backend/itinerary/logger.go:170.46,172.2 1 0
github.com/yourusername/itinerary-backend/itinerary/metrics.go:46.28,60.2 1 0
github.com/yourusername/itinerary-backend/itinerary/metrics.go:63.118,73.23 8 0
github.com/yourusername/itinerary-backend/itinerary/metrics.go:73.23,76.3 2 0
github.com/yourusername/itinerary-backend/itinerary/metrics.go:80.87,87.16 5 0
github.com/yourusername/itinerary-backend/itinerary/metrics.go:87.16,89.3 1 0
github.com/yourusername/itinerary-backend/itinerary/metrics.go:93.46,97.2 3 0
github.com/yourusername/itinerary-backend/itinerary/metrics.go:100.44,104.2 3 0
github.com/yourusername/itinerary-backend/itinerary/metrics.go:107.42,111.2 3 0
github.com/yourusername/itinerary-backend/itinerary/metrics.go:114.32,118.2 3 0
github.com/yourusername/itinerary-backend/itinerary/metrics.go:121.39,125.2 3 0
github.com/yourusername/itinerary-backend/itinerary/metrics.go:128.43,132.2 3 0
github.com/yourusername/itinerary-backend/itinerary/metrics.go:135.41,139.2 3 0
github.com/yourusername/itinerary-backend/itinerary/metrics.go:142.50,147.31 4 0
github.com/yourusername/itinerary-backend/itinerary/metrics.go:147.31,149.3 1 0
github.com/yourusername/itinerary-backend/itinerary/metrics.go:153.63,159.52 4 0
github.com/yourusername/itinerary-backend/itinerary/metrics.go:159.52,160.25 1 0
github.com/yourusername/itinerary-backend/itinerary/metrics.go:160.25,162.32 2 0
github.com/yourusername/itinerary-backend/itinerary/metrics.go:162.32,164.5 1 0
github.com/yourusername/itinerary-backend/itinerary/metrics.go:165.4,165.54 1 0
github.com/yourusername/itinerary-backend/itinerary/metrics.go:169.2,170.54 2 0
github.com/yourusername/itinerary-backend/itinerary/metrics.go:170.54,171.25 1 0
github.com/yourusername/itinerary-backend/itinerary/metrics.go:171.25,173.32 2 0
github.com/yourusername/itinerary-backend/itinerary/metrics.go:173.32,175.5 1 0
github.com/yourusername/itinerary-backend/itinerary/metrics.go:176.4,176.52 1 0
github.com/yourusername/itinerary-backend/itinerary/metrics.go:180.2,215.3 2 0
github.com/yourusername/itinerary-backend/itinerary/metrics.go:219.33,223.2 3 0
github.com/yourusername/itinerary-backend/itinerary/metrics.go:226.38,230.2 3 0
github.com/yourusername/itinerary-backend/itinerary/metrics_middleware.go:17.80,22.2 1 0
github.com/yourusername/itinerary-backend/itinerary/metrics_middleware.go:25.63,26.30 1 0
github.com/yourusername/itinerary-backend/itinerary/metrics_middleware.go:26.30,31.34 3 0
github.com/yourusername/itinerary-backend/itinerary/metrics_middleware.go:31.34,33.4 1 0
github.com/yourusername/itinerary-backend/itinerary/metrics_middleware.go:36.3,66.51 10 0
github.com/yourusername/itinerary-backend/itinerary/metrics_middleware.go:66.51,68.4 1 0
github.com/yourusername/itinerary-backend/itinerary/metrics_middleware.go:68.9,68.49 1 0
github.com/yourusername/itinerary-backend/itinerary/metrics_middleware.go:68.49,70.4 1 0
github.com/yourusername/itinerary-backend/itinerary/metrics_middleware.go:70.9,72.4 1 0
github.com/yourusername/itinerary-backend/itinerary/metrics_middleware.go:82.62,85.2 2 0
github.com/yourusername/itinerary-backend/itinerary/metrics_middleware.go:87.68,90.2 2 0
github.com/yourusername/itinerary-backend/itinerary/metrics_middleware.go:93.71,94.30 1 0
github.com/yourusername/itinerary-backend/itinerary/metrics_middleware.go:94.30,98.24 2 0
github.com/yourusername/itinerary-backend/itinerary/metrics_middleware.go:98.24,99.33 1 0
github.com/yourusername/itinerary-backend/itinerary/metrics_middleware.go:99.33,100.53 1 0
github.com/yourusername/itinerary-backend/itinerary/metrics_middleware.go:100.53,111.32 2 0
github.com/yourusername/itinerary-backend/itinerary/metrics_middleware.go:112.30,113.41 1 0
github.com/yourusername/itinerary-backend/itinerary/metrics_middleware.go:114.27,117.29 3 0
github.com/yourusername/itinerary-backend/itinerary/metrics_middleware.go:119.11,125.6 1 0
github.com/yourusername/itinerary-backend/itinerary/metrics_middleware.go:132.91,139.16 5 0
github.com/yourusername/itinerary-backend/itinerary/metrics_middleware.go:139.16,145.3 1 0
github.com/yourusername/itinerary-backend/itinerary/metrics_middleware.go:145.8,150.3 1 0
github.com/yourusername/itinerary-backend/itinerary/metrics_middleware.go:152.2,152.12 1 0
github.com/yourusername/itinerary-backend/itinerary/metrics_middleware.go:156.72,157.30 1 0
github.com/yourusername/itinerary-backend/itinerary/metrics_middleware.go:157.30,158.16 1 0
github.com/yourusername/itinerary-backend/itinerary/metrics_middleware.go:158.16,159.36 1 0
github.com/yourusername/itinerary-backend/itinerary/metrics_middleware.go:159.36,175.5 3 0
github.com/yourusername/itinerary-backend/itinerary/metrics_middleware.go:177.3,177.11 1 0
github.com/yourusername/itinerary-backend/itinerary/metrics_middleware.go:182.64,183.30 1 0
github.com/yourusername/itinerary-backend/itinerary/metrics_middleware.go:183.30,186.3 2 0
github.com/yourusername/itinerary-backend/itinerary/metrics_middleware.go:190.68,191.30 1 0
github.com/yourusername/itinerary-backend/itinerary/metrics_middleware.go:191.30,197.3 1 0
github.com/yourusername/itinerary-backend/itinerary/routes.go:8.108,97.2 48 0
github.com/yourusername/itinerary-backend/itinerary/service.go:15.56,20.2 1 0
github.com/yourusername/itinerary-backend/itinerary/service.go:23.83,24.14 1 0
github.com/yourusername/itinerary-backend/itinerary/service.go:24.14,26.3 1 0
github.com/yourusername/itinerary-backend/itinerary/service.go:27.2,27.36 1 0
github.com/yourusername/itinerary-backend/itinerary/service.go:27.36,29.3 1 0
github.com/yourusername/itinerary-backend/itinerary/service.go:31.2,31.45 1 0
github.com/yourusername/itinerary-backend/itinerary/service.go:35.115,36.14 1 0
github.com/yourusername/itinerary-backend/itinerary/service.go:36.14,38.3 1 0
github.com/yourusername/itinerary-backend/itinerary/service.go:39.2,39.35 1 0
github.com/yourusername/itinerary-backend/itinerary/service.go:39.35,41.3 1 0
github.com/yourusername/itinerary-backend/itinerary/service.go:43.2,44.16 2 0
github.com/yourusername/itinerary-backend/itinerary/service.go:44.16,46.3 1 0
github.com/yourusername/itinerary-backend/itinerary/service.go:49.2,49.29 1 0
github.com/yourusername/itinerary-backend/itinerary/service.go:49.29,51.17 2 0
github.com/yourusername/itinerary-backend/itinerary/service.go:51.17,53.12 2 0
github.com/yourusername/itinerary-backend/itinerary/service.go:55.3,55.31 1 0
github.com/yourusername/itinerary-backend/itinerary/service.go:58.2,58.32 1 0
github.com/yourusername/itinerary-backend/itinerary/service.go:62.78,64.2 1 0
github.com/yourusername/itinerary-backend/itinerary/service.go:67.63,68.27 1 0
github.com/yourusername/itinerary-backend/itinerary/service.go:68.27,70.3 1 0
github.com/yourusername/itinerary-backend/itinerary/service.go:71.2,71.29 1 0
github.com/yourusername/itinerary-backend/itinerary/service.go:71.29,73.3 1 0
github.com/yourusername/itinerary-backend/itinerary/service.go:74.2,74.27 1 0
github.com/yourusername/itinerary-backend/itinerary/service.go:74.27,76.3 1 0
github.com/yourusername/itinerary-backend/itinerary/service.go:78.2,82.40 4 0
github.com/yourusername/itinerary-backend/itinerary/service.go:86.64,87.23 1 0
github.com/yourusername/itinerary-backend/itinerary/service.go:87.23,89.3 1 0
github.com/yourusername/itinerary-backend/itinerary/service.go:90.2,90.45 1 0
github.com/yourusername/itinerary-backend/itinerary/service.go:94.54,95.27 1 0
github.com/yourusername/itinerary-backend/itinerary/service.go:95.27,97.3 1 0
github.com/yourusername/itinerary-backend/itinerary/service.go:99.2,102.33 3 0
github.com/yourusername/itinerary-backend/itinerary/service.go:106.138,109.2 1 0
github.com/yourusername/itinerary-backend/itinerary/service.go:114.63,117.2 2 0
github.com/yourusername/itinerary-backend/itinerary/service.go:120.56,121.23 1 0
github.com/yourusername/itinerary-backend/itinerary/service.go:121.23,123.3 1 0
github.com/yourusername/itinerary-backend/itinerary/service.go:124.2,124.22 1 0
github.com/yourusername/itinerary-backend/itinerary/service.go:124.22,126.3 1 0
github.com/yourusername/itinerary-backend/itinerary/service.go:127.2,127.30 1 0
github.com/yourusername/itinerary-backend/itinerary/service.go:127.30,129.3 1 0
github.com/yourusername/itinerary-backend/itinerary/service.go:130.2,130.22 1 0
github.com/yourusername/itinerary-backend/itinerary/service.go:130.22,132.3 1 0
github.com/yourusername/itinerary-backend/itinerary/service.go:133.2,133.24 1 0
github.com/yourusername/itinerary-backend/itinerary/service.go:133.24,135.3 1 0
github.com/yourusername/itinerary-backend/itinerary/service.go:137.2,139.23 3 0
github.com/yourusername/itinerary-backend/itinerary/service.go:139.23,141.3 1 0
github.com/yourusername/itinerary-backend/itinerary/service.go:143.2,143.34 1 0
github.com/yourusername/itinerary-backend/itinerary/service.go:147.65,148.18 1 0
github.com/yourusername/itinerary-backend/itinerary/service.go:148.18,150.3 1 0
github.com/yourusername/itinerary-backend/itinerary/service.go:151.2,151.37 1 0
github.com/yourusername/itinerary-backend/itinerary/service.go:155.67,156.18 1 0
github.com/yourusername/itinerary-backend/itinerary/service.go:156.18,158.3 1 0
github.com/yourusername/itinerary-backend/itinerary/service.go:159.2,159.42 1 0
github.com/yourusername/itinerary-backend/itinerary/service.go:163.56,164.19 1 0
github.com/yourusername/itinerary-backend/itinerary/service.go:164.19,166.3 1 0
github.com/yourusername/itinerary-backend/itinerary/service.go:167.2,167.23 1 0
github.com/yourusername/itinerary-backend/itinerary/service.go:167.23,169.3 1 0
github.com/yourusername/itinerary-backend/itinerary/service.go:171.2,172.34 2 0
github.com/yourusername/itinerary-backend/itinerary/service.go:176.55,177.18 1 0
github.com/yourusername/itinerary-backend/itinerary/service.go:177.18,179.3 1 0
github.com/yourusername/itinerary-backend/itinerary/service.go:180.2,180.36 1 0
github.com/yourusername/itinerary-backend/itinerary/service.go:184.62,185.30 1 0
github.com/yourusername/itinerary-backend/itinerary/service.go:185.30,187.3 1 0
github.com/yourusername/itinerary-backend/itinerary/service.go:188.2,188.24 1 0
github.com/yourusername/itinerary-backend/itinerary/service.go:188.24,190.3 1 0
github.com/yourusername/itinerary-backend/itinerary/service.go:191.2,191.22 1 0
github.com/yourusername/itinerary-backend/itinerary/service.go:191.22,193.3 1 0
github.com/yourusername/itinerary-backend/itinerary/service.go:195.2,198.37 3 0
github.com/yourusername/itinerary-backend/itinerary/service.go:202.56,203.31 1 0
github.com/yourusername/itinerary-backend/itinerary/service.go:203.31,205.3 1 0
github.com/yourusername/itinerary-backend/itinerary/service.go:206.2,206.21 1 0
github.com/yourusername/itinerary-backend/itinerary/service.go:206.21,208.3 1 0
github.com/yourusername/itinerary-backend/itinerary/service.go:210.2,211.33 2 0
github.com/yourusername/itinerary-backend/itinerary/service.go:215.59,216.32 1 0
github.com/yourusername/itinerary-backend/itinerary/service.go:216.32,218.3 1 0
github.com/yourusername/itinerary-backend/itinerary/service.go:219.2,219.44 1 0
github.com/yourusername/itinerary-backend/itinerary/service.go:219.44,221.3 1 0
github.com/yourusername/itinerary-backend/itinerary/service.go:223.2,226.35 3 0
github.com/yourusername/itinerary-backend/itinerary/service.go:230.61,231.27 1 0
github.com/yourusername/itinerary-backend/itinerary/service.go:231.27,233.3 1 0
github.com/yourusername/itinerary-backend/itinerary/service.go:234.2,234.23 1 0
github.com/yourusername/itinerary-backend/itinerary/service.go:234.23,236.3 1 0
github.com/yourusername/itinerary-backend/itinerary/service.go:237.2,237.22 1 0
github.com/yourusername/itinerary-backend/itinerary/service.go:237.22,239.3 1 0
github.com/yourusername/itinerary-backend/itinerary/service.go:241.2,249.16 8 0
github.com/yourusername/itinerary-backend/itinerary/service.go:249.16,252.3 1 0
github.com/yourusername/itinerary-backend/itinerary/service.go:253.2,253.12 1 0
github.com/yourusername/itinerary-backend/itinerary/service.go:257.81,258.14 1 0
github.com/yourusername/itinerary-backend/itinerary/service.go:258.14,260.3 1 0
github.com/yourusername/itinerary-backend/itinerary/service.go:261.2,261.36 1 0
github.com/yourusername/itinerary-backend/itinerary/service.go:261.36,263.3 1 0
github.com/yourusername/itinerary-backend/itinerary/service.go:265.2,265.47 1 0
github.com/yourusername/itinerary-backend/itinerary/template_helpers.go:10.39,13.29 1 0
github.com/yourusername/itinerary-backend/itinerary/template_helpers.go:13.29,15.4 1 0
github.com/yourusername/itinerary-backend/itinerary/template_helpers.go:16.29,18.4 1 0
github.com/yourusername/itinerary-backend/itinerary/template_helpers.go:19.40,20.14 1 0
github.com/yourusername/itinerary-backend/itinerary/template_helpers.go:20.14,22.5 1 0
github.com/yourusername/itinerary-backend/itinerary/template_helpers.go:23.4,23.16 1 0
github.com/yourusername/itinerary-backend/itinerary/template_helpers.go:25.42,27.4 1 0
github.com/yourusername/itinerary-backend/itinerary/template_helpers.go:30.37,34.4 3 0
github.com/yourusername/itinerary-backend/itinerary/template_helpers.go:35.37,39.4 3 0
github.com/yourusername/itinerary-backend/itinerary/template_helpers.go:40.38,44.4 3 0
github.com/yourusername/itinerary-backend/itinerary/template_helpers.go:45.38,49.4 3 0
github.com/yourusername/itinerary-backend/itinerary/template_helpers.go:50.37,54.4 3 0
github.com/yourusername/itinerary-backend/itinerary/template_helpers.go:55.37,59.4 3 0
github.com/yourusername/itinerary-backend/itinerary/template_helpers.go:62.36,64.4 1 0
github.com/yourusername/itinerary-backend/itinerary/template_helpers.go:65.36,67.4 1 0
github.com/yourusername/itinerary-backend/itinerary/template_helpers.go:70.43,78.38 2 0
github.com/yourusername/itinerary-backend/itinerary/template_helpers.go:78.38,80.5 1 0
github.com/yourusername/itinerary-backend/itinerary/template_helpers.go:81.4,81.17 1 0
github.com/yourusername/itinerary-backend/itinerary/template_helpers.go:85.45,88.4 1 0
github.com/yourusername/itinerary-backend/itinerary/template_helpers.go:91.49,92.24 1 0
github.com/yourusername/itinerary-backend/itinerary/template_helpers.go:92.24,94.5 1 0
github.com/yourusername/itinerary-backend/itinerary/template_helpers.go:95.4,95.29 1 0
github.com/yourusername/itinerary-backend/itinerary/template_helpers.go:99.59,100.21 1 0
github.com/yourusername/itinerary-backend/itinerary/template_helpers.go:100.21,102.5 1 0
github.com/yourusername/itinerary-backend/itinerary/template_helpers.go:103.4,104.40 2 0
github.com/yourusername/itinerary-backend/itinerary/template_helpers.go:110.31,111.25 1 0
github.com/yourusername/itinerary-backend/itinerary/template_helpers.go:112.11,113.13 1 0
github.com/yourusername/itinerary-backend/itinerary/template_helpers.go:114.13,115.18 1 0
github.com/yourusername/itinerary-backend/itinerary/template_helpers.go:116.15,117.18 1 0
github.com/yourusername/itinerary-backend/itinerary/template_helpers.go:118.14,121.11 3 0
github.com/yourusername/itinerary-backend/itinerary/template_helpers.go:122.10,123.11 1 0
